{"/home/felipe/Documents/personal-projects/brqmovies/src/components/AppBar/index.tsx": {"path":"/home/felipe/Documents/personal-projects/brqmovies/src/components/AppBar/index.tsx","statementMap":{"0":{"start":{"line":22,"column":21},"end":{"line":22,"column":31}},"1":{"start":{"line":24,"column":2},"end":{"line":40,"column":4}}},"fnMap":{"0":{"name":"AppBar","decl":{"start":{"line":15,"column":16},"end":{"line":15,"column":22}},"loc":{"start":{"line":20,"column":10},"end":{"line":41,"column":1}},"line":20}},"branchMap":{"0":{"loc":{"start":{"line":38,"column":7},"end":{"line":38,"column":66}},"type":"binary-expr","locations":[{"start":{"line":38,"column":7},"end":{"line":38,"column":27}},{"start":{"line":38,"column":31},"end":{"line":38,"column":66}}],"line":38}},"s":{"0":4,"1":4},"f":{"0":4},"b":{"0":[4,2]},"_coverageSchema":"1a1c01bbd47fc00a2c39e90264f33305004495a9","hash":"0c13311283f4a00b76af158eaa6f49352b82e2f4"}
,"/home/felipe/Documents/personal-projects/brqmovies/src/components/AppBar/styles.ts": {"path":"/home/felipe/Documents/personal-projects/brqmovies/src/components/AppBar/styles.ts","statementMap":{"0":{"start":{"line":4,"column":25},"end":{"line":12,"column":1}},"1":{"start":{"line":11,"column":37},"end":{"line":11,"column":60}},"2":{"start":{"line":14,"column":21},"end":{"line":21,"column":1}},"3":{"start":{"line":17,"column":19},"end":{"line":20,"column":3}}},"fnMap":{"0":{"name":"(anonymous_0)","decl":{"start":{"line":11,"column":22},"end":{"line":11,"column":23}},"loc":{"start":{"line":11,"column":37},"end":{"line":11,"column":60}},"line":11},"1":{"name":"(anonymous_1)","decl":{"start":{"line":17,"column":4},"end":{"line":17,"column":5}},"loc":{"start":{"line":17,"column":19},"end":{"line":20,"column":3}},"line":17}},"branchMap":{"0":{"loc":{"start":{"line":10,"column":17},"end":{"line":10,"column":48}},"type":"cond-expr","locations":[{"start":{"line":10,"column":41},"end":{"line":10,"column":43}},{"start":{"line":10,"column":46},"end":{"line":10,"column":48}}],"line":10}},"s":{"0":1,"1":4,"2":1,"3":4},"f":{"0":4,"1":4},"b":{"0":[1,0]},"_coverageSchema":"1a1c01bbd47fc00a2c39e90264f33305004495a9","hash":"594baac516773a784383e00c8d0e704c8998e667"}
,"/home/felipe/Documents/personal-projects/brqmovies/src/components/Button/index.tsx": {"path":"/home/felipe/Documents/personal-projects/brqmovies/src/components/Button/index.tsx","statementMap":{"0":{"start":{"line":11,"column":2},"end":{"line":19,"column":4}}},"fnMap":{"0":{"name":"Button","decl":{"start":{"line":10,"column":16},"end":{"line":10,"column":22}},"loc":{"start":{"line":10,"column":60},"end":{"line":20,"column":1}},"line":10}},"branchMap":{},"s":{"0":4},"f":{"0":4},"b":{},"_coverageSchema":"1a1c01bbd47fc00a2c39e90264f33305004495a9","hash":"461a7b1949288e016269e8651afe34edcb6489c6"}
,"/home/felipe/Documents/personal-projects/brqmovies/src/components/Button/styles.ts": {"path":"/home/felipe/Documents/personal-projects/brqmovies/src/components/Button/styles.ts","statementMap":{"0":{"start":{"line":8,"column":25},"end":{"line":20,"column":1}},"1":{"start":{"line":17,"column":29},"end":{"line":19,"column":3}},"2":{"start":{"line":22,"column":21},"end":{"line":30,"column":1}},"3":{"start":{"line":26,"column":29},"end":{"line":29,"column":3}}},"fnMap":{"0":{"name":"(anonymous_0)","decl":{"start":{"line":17,"column":4},"end":{"line":17,"column":5}},"loc":{"start":{"line":17,"column":29},"end":{"line":19,"column":3}},"line":17},"1":{"name":"(anonymous_1)","decl":{"start":{"line":26,"column":4},"end":{"line":26,"column":5}},"loc":{"start":{"line":26,"column":29},"end":{"line":29,"column":3}},"line":26}},"branchMap":{"0":{"loc":{"start":{"line":18,"column":24},"end":{"line":18,"column":75}},"type":"cond-expr","locations":[{"start":{"line":18,"column":35},"end":{"line":18,"column":52}},{"start":{"line":18,"column":55},"end":{"line":18,"column":75}}],"line":18},"1":{"loc":{"start":{"line":28,"column":13},"end":{"line":28,"column":78}},"type":"cond-expr","locations":[{"start":{"line":28,"column":24},"end":{"line":28,"column":57}},{"start":{"line":28,"column":60},"end":{"line":28,"column":78}}],"line":28}},"s":{"0":2,"1":4,"2":2,"3":4},"f":{"0":4,"1":4},"b":{"0":[1,3],"1":[1,3]},"_coverageSchema":"1a1c01bbd47fc00a2c39e90264f33305004495a9","hash":"40d2d1111446587ae119ef8f1274eae8086a3810"}
,"/home/felipe/Documents/personal-projects/brqmovies/src/components/ErrorCard/index.tsx": {"path":"/home/felipe/Documents/personal-projects/brqmovies/src/components/ErrorCard/index.tsx","statementMap":{"0":{"start":{"line":17,"column":21},"end":{"line":17,"column":31}},"1":{"start":{"line":19,"column":2},"end":{"line":33,"column":4}}},"fnMap":{"0":{"name":"ErrorCard","decl":{"start":{"line":16,"column":16},"end":{"line":16,"column":25}},"loc":{"start":{"line":16,"column":85},"end":{"line":34,"column":1}},"line":16}},"branchMap":{"0":{"loc":{"start":{"line":29,"column":7},"end":{"line":31,"column":7}},"type":"binary-expr","locations":[{"start":{"line":29,"column":7},"end":{"line":29,"column":18}},{"start":{"line":29,"column":22},"end":{"line":29,"column":32}},{"start":{"line":30,"column":8},"end":{"line":30,"column":59}}],"line":29}},"s":{"0":3,"1":3},"f":{"0":3},"b":{"0":[3,1,1]},"_coverageSchema":"1a1c01bbd47fc00a2c39e90264f33305004495a9","hash":"26c0f1f289ab30f234911f77753ad99bca6f89ee"}
,"/home/felipe/Documents/personal-projects/brqmovies/src/components/ErrorCard/styles.ts": {"path":"/home/felipe/Documents/personal-projects/brqmovies/src/components/ErrorCard/styles.ts","statementMap":{"0":{"start":{"line":3,"column":25},"end":{"line":10,"column":1}},"1":{"start":{"line":9,"column":37},"end":{"line":9,"column":60}},"2":{"start":{"line":12,"column":21},"end":{"line":20,"column":1}},"3":{"start":{"line":16,"column":19},"end":{"line":19,"column":3}},"4":{"start":{"line":22,"column":24},"end":{"line":32,"column":1}},"5":{"start":{"line":28,"column":19},"end":{"line":31,"column":3}},"6":{"start":{"line":34,"column":29},"end":{"line":42,"column":1}},"7":{"start":{"line":41,"column":37},"end":{"line":41,"column":60}}},"fnMap":{"0":{"name":"(anonymous_0)","decl":{"start":{"line":9,"column":22},"end":{"line":9,"column":23}},"loc":{"start":{"line":9,"column":37},"end":{"line":9,"column":60}},"line":9},"1":{"name":"(anonymous_1)","decl":{"start":{"line":16,"column":4},"end":{"line":16,"column":5}},"loc":{"start":{"line":16,"column":19},"end":{"line":19,"column":3}},"line":16},"2":{"name":"(anonymous_2)","decl":{"start":{"line":28,"column":4},"end":{"line":28,"column":5}},"loc":{"start":{"line":28,"column":19},"end":{"line":31,"column":3}},"line":28},"3":{"name":"(anonymous_3)","decl":{"start":{"line":41,"column":22},"end":{"line":41,"column":23}},"loc":{"start":{"line":41,"column":37},"end":{"line":41,"column":60}},"line":41}},"branchMap":{},"s":{"0":1,"1":3,"2":1,"3":3,"4":1,"5":3,"6":1,"7":3},"f":{"0":3,"1":3,"2":3,"3":3},"b":{},"_coverageSchema":"1a1c01bbd47fc00a2c39e90264f33305004495a9","hash":"6b322a2bdec59635f38ef6ee55b4963a5ff576bd"}
,"/home/felipe/Documents/personal-projects/brqmovies/src/components/IconButton/index.tsx": {"path":"/home/felipe/Documents/personal-projects/brqmovies/src/components/IconButton/index.tsx","statementMap":{"0":{"start":{"line":14,"column":19},"end":{"line":14,"column":24}},"1":{"start":{"line":18,"column":2},"end":{"line":27,"column":4}}},"fnMap":{"0":{"name":"IconButton","decl":{"start":{"line":16,"column":16},"end":{"line":16,"column":26}},"loc":{"start":{"line":16,"column":91},"end":{"line":28,"column":1}},"line":16}},"branchMap":{"0":{"loc":{"start":{"line":16,"column":35},"end":{"line":16,"column":61}},"type":"default-arg","locations":[{"start":{"line":16,"column":47},"end":{"line":16,"column":61}}],"line":16}},"s":{"0":2,"1":5},"f":{"0":5},"b":{"0":[0]},"_coverageSchema":"1a1c01bbd47fc00a2c39e90264f33305004495a9","hash":"31f0ae494a7dc69ad8bb1cca9adafaaa3dcf499d"}
,"/home/felipe/Documents/personal-projects/brqmovies/src/components/IconButton/styles.ts": {"path":"/home/felipe/Documents/personal-projects/brqmovies/src/components/IconButton/styles.ts","statementMap":{"0":{"start":{"line":8,"column":25},"end":{"line":16,"column":108}},"1":{"start":{"line":8,"column":63},"end":{"line":10,"column":1}},"2":{"start":{"line":16,"column":47},"end":{"line":16,"column":105}}},"fnMap":{"0":{"name":"(anonymous_0)","decl":{"start":{"line":8,"column":56},"end":{"line":8,"column":57}},"loc":{"start":{"line":8,"column":63},"end":{"line":10,"column":1}},"line":8},"1":{"name":"(anonymous_1)","decl":{"start":{"line":16,"column":22},"end":{"line":16,"column":23}},"loc":{"start":{"line":16,"column":47},"end":{"line":16,"column":105}},"line":16}},"branchMap":{"0":{"loc":{"start":{"line":16,"column":47},"end":{"line":16,"column":105}},"type":"cond-expr","locations":[{"start":{"line":16,"column":58},"end":{"line":16,"column":78}},{"start":{"line":16,"column":82},"end":{"line":16,"column":105}}],"line":16}},"s":{"0":2,"1":5,"2":5},"f":{"0":5,"1":5},"b":{"0":[3,2]},"_coverageSchema":"1a1c01bbd47fc00a2c39e90264f33305004495a9","hash":"3861ff6350b30cb377068cdf1445b4c4f2c2f543"}
,"/home/felipe/Documents/personal-projects/brqmovies/src/components/Input/index.tsx": {"path":"/home/felipe/Documents/personal-projects/brqmovies/src/components/Input/index.tsx","statementMap":{"0":{"start":{"line":21,"column":21},"end":{"line":21,"column":31}},"1":{"start":{"line":23,"column":20},"end":{"line":23,"column":34}},"2":{"start":{"line":25,"column":2},"end":{"line":48,"column":4}}},"fnMap":{"0":{"name":"Input","decl":{"start":{"line":14,"column":16},"end":{"line":14,"column":21}},"loc":{"start":{"line":19,"column":10},"end":{"line":49,"column":1}},"line":19}},"branchMap":{"0":{"loc":{"start":{"line":34,"column":10},"end":{"line":36,"column":11}},"type":"binary-expr","locations":[{"start":{"line":34,"column":10},"end":{"line":34,"column":21}},{"start":{"line":35,"column":12},"end":{"line":35,"column":101}}],"line":34},"1":{"loc":{"start":{"line":46,"column":7},"end":{"line":46,"column":63}},"type":"binary-expr","locations":[{"start":{"line":46,"column":7},"end":{"line":46,"column":16}},{"start":{"line":46,"column":20},"end":{"line":46,"column":63}}],"line":46}},"s":{"0":0,"1":0,"2":0},"f":{"0":0},"b":{"0":[0,0],"1":[0,0]}}
,"/home/felipe/Documents/personal-projects/brqmovies/src/components/Input/styles.ts": {"path":"/home/felipe/Documents/personal-projects/brqmovies/src/components/Input/styles.ts","statementMap":{"0":{"start":{"line":3,"column":28},"end":{"line":12,"column":1}},"1":{"start":{"line":8,"column":19},"end":{"line":11,"column":3}}},"fnMap":{"0":{"name":"(anonymous_0)","decl":{"start":{"line":8,"column":4},"end":{"line":8,"column":5}},"loc":{"start":{"line":8,"column":19},"end":{"line":11,"column":3}},"line":8}},"branchMap":{},"s":{"0":0,"1":0},"f":{"0":0},"b":{}}
,"/home/felipe/Documents/personal-projects/brqmovies/src/components/Loading/index.tsx": {"path":"/home/felipe/Documents/personal-projects/brqmovies/src/components/Loading/index.tsx","statementMap":{"0":{"start":{"line":4,"column":2},"end":{"line":8,"column":3}}},"fnMap":{"0":{"name":"Loading","decl":{"start":{"line":3,"column":16},"end":{"line":3,"column":23}},"loc":{"start":{"line":3,"column":25},"end":{"line":9,"column":1}},"line":3}},"branchMap":{},"s":{"0":1},"f":{"0":1},"b":{},"_coverageSchema":"1a1c01bbd47fc00a2c39e90264f33305004495a9","hash":"7c1050b729583aaa8caf853b5861656ffb4a971c"}
,"/home/felipe/Documents/personal-projects/brqmovies/src/components/Loading/styles.ts": {"path":"/home/felipe/Documents/personal-projects/brqmovies/src/components/Loading/styles.ts","statementMap":{"0":{"start":{"line":5,"column":25},"end":{"line":10,"column":1}},"1":{"start":{"line":12,"column":29},"end":{"line":14,"column":5}},"2":{"start":{"line":12,"column":67},"end":{"line":14,"column":1}}},"fnMap":{"0":{"name":"(anonymous_0)","decl":{"start":{"line":12,"column":60},"end":{"line":12,"column":61}},"loc":{"start":{"line":12,"column":67},"end":{"line":14,"column":1}},"line":12}},"branchMap":{},"s":{"0":1,"1":1,"2":1},"f":{"0":1},"b":{},"_coverageSchema":"1a1c01bbd47fc00a2c39e90264f33305004495a9","hash":"815dd3bd742dc9f58134866292db6a8935a83b03"}
,"/home/felipe/Documents/personal-projects/brqmovies/src/components/LogoutButton/index.tsx": {"path":"/home/felipe/Documents/personal-projects/brqmovies/src/components/LogoutButton/index.tsx","statementMap":{"0":{"start":{"line":8,"column":21},"end":{"line":8,"column":31}},"1":{"start":{"line":10,"column":2},"end":{"line":16,"column":4}}},"fnMap":{"0":{"name":"LogoutButton","decl":{"start":{"line":7,"column":16},"end":{"line":7,"column":28}},"loc":{"start":{"line":7,"column":58},"end":{"line":17,"column":1}},"line":7}},"branchMap":{},"s":{"0":4,"1":4},"f":{"0":4},"b":{},"_coverageSchema":"1a1c01bbd47fc00a2c39e90264f33305004495a9","hash":"475737fbada8334b99fefd0fec5a5a6962496f4a"}
,"/home/felipe/Documents/personal-projects/brqmovies/src/components/LogoutButton/styles.ts": {"path":"/home/felipe/Documents/personal-projects/brqmovies/src/components/LogoutButton/styles.ts","statementMap":{"0":{"start":{"line":3,"column":25},"end":{"line":16,"column":1}},"1":{"start":{"line":15,"column":37},"end":{"line":15,"column":70}},"2":{"start":{"line":18,"column":21},"end":{"line":27,"column":1}},"3":{"start":{"line":23,"column":19},"end":{"line":26,"column":3}}},"fnMap":{"0":{"name":"(anonymous_0)","decl":{"start":{"line":15,"column":22},"end":{"line":15,"column":23}},"loc":{"start":{"line":15,"column":37},"end":{"line":15,"column":70}},"line":15},"1":{"name":"(anonymous_1)","decl":{"start":{"line":23,"column":4},"end":{"line":23,"column":5}},"loc":{"start":{"line":23,"column":19},"end":{"line":26,"column":3}},"line":23}},"branchMap":{},"s":{"0":2,"1":4,"2":2,"3":4},"f":{"0":4,"1":4},"b":{},"_coverageSchema":"1a1c01bbd47fc00a2c39e90264f33305004495a9","hash":"dc0fc2a7aeba10ef08adbd1e97360d62a5100636"}
,"/home/felipe/Documents/personal-projects/brqmovies/src/components/MovieCard/index.tsx": {"path":"/home/felipe/Documents/personal-projects/brqmovies/src/components/MovieCard/index.tsx","statementMap":{"0":{"start":{"line":14,"column":2},"end":{"line":18,"column":4}}},"fnMap":{"0":{"name":"MovieCard","decl":{"start":{"line":13,"column":16},"end":{"line":13,"column":25}},"loc":{"start":{"line":13,"column":52},"end":{"line":19,"column":1}},"line":13}},"branchMap":{},"s":{"0":1},"f":{"0":1},"b":{},"_coverageSchema":"1a1c01bbd47fc00a2c39e90264f33305004495a9","hash":"62a10ca4981412a3820aeae011723ae4e67210bb"}
,"/home/felipe/Documents/personal-projects/brqmovies/src/components/MovieCard/styles.ts": {"path":"/home/felipe/Documents/personal-projects/brqmovies/src/components/MovieCard/styles.ts","statementMap":{"0":{"start":{"line":3,"column":25},"end":{"line":7,"column":1}},"1":{"start":{"line":9,"column":22},"end":{"line":15,"column":1}}},"fnMap":{},"branchMap":{},"s":{"0":1,"1":1},"f":{},"b":{},"_coverageSchema":"1a1c01bbd47fc00a2c39e90264f33305004495a9","hash":"19ff82a4c1ac1d9a2796b4ee006b2aa1646745ed"}
,"/home/felipe/Documents/personal-projects/brqmovies/src/components/MovieDetailsCard/index.tsx": {"path":"/home/felipe/Documents/personal-projects/brqmovies/src/components/MovieDetailsCard/index.tsx","statementMap":{"0":{"start":{"line":13,"column":21},"end":{"line":13,"column":31}},"1":{"start":{"line":15,"column":2},"end":{"line":27,"column":4}}},"fnMap":{"0":{"name":"MovieDetailsCard","decl":{"start":{"line":12,"column":16},"end":{"line":12,"column":32}},"loc":{"start":{"line":12,"column":86},"end":{"line":28,"column":1}},"line":12}},"branchMap":{},"s":{"0":1,"1":1},"f":{"0":1},"b":{},"_coverageSchema":"1a1c01bbd47fc00a2c39e90264f33305004495a9","hash":"d590224045c73afafdf0b354ebef47aa81445509"}
,"/home/felipe/Documents/personal-projects/brqmovies/src/components/MovieDetailsCard/styles.ts": {"path":"/home/felipe/Documents/personal-projects/brqmovies/src/components/MovieDetailsCard/styles.ts","statementMap":{"0":{"start":{"line":3,"column":25},"end":{"line":11,"column":1}},"1":{"start":{"line":10,"column":37},"end":{"line":10,"column":70}},"2":{"start":{"line":13,"column":22},"end":{"line":16,"column":1}},"3":{"start":{"line":18,"column":29},"end":{"line":25,"column":1}},"4":{"start":{"line":24,"column":37},"end":{"line":24,"column":60}},"5":{"start":{"line":27,"column":21},"end":{"line":36,"column":1}},"6":{"start":{"line":32,"column":19},"end":{"line":35,"column":3}},"7":{"start":{"line":33,"column":28},"end":{"line":33,"column":48}},"8":{"start":{"line":34,"column":34},"end":{"line":34,"column":50}},"9":{"start":{"line":38,"column":27},"end":{"line":47,"column":1}},"10":{"start":{"line":43,"column":19},"end":{"line":46,"column":3}},"11":{"start":{"line":44,"column":28},"end":{"line":44,"column":46}},"12":{"start":{"line":45,"column":34},"end":{"line":45,"column":50}}},"fnMap":{"0":{"name":"(anonymous_0)","decl":{"start":{"line":10,"column":22},"end":{"line":10,"column":23}},"loc":{"start":{"line":10,"column":37},"end":{"line":10,"column":70}},"line":10},"1":{"name":"(anonymous_1)","decl":{"start":{"line":24,"column":22},"end":{"line":24,"column":23}},"loc":{"start":{"line":24,"column":37},"end":{"line":24,"column":60}},"line":24},"2":{"name":"(anonymous_2)","decl":{"start":{"line":32,"column":4},"end":{"line":32,"column":5}},"loc":{"start":{"line":32,"column":19},"end":{"line":35,"column":3}},"line":32},"3":{"name":"(anonymous_3)","decl":{"start":{"line":33,"column":13},"end":{"line":33,"column":14}},"loc":{"start":{"line":33,"column":28},"end":{"line":33,"column":48}},"line":33},"4":{"name":"(anonymous_4)","decl":{"start":{"line":34,"column":19},"end":{"line":34,"column":20}},"loc":{"start":{"line":34,"column":34},"end":{"line":34,"column":50}},"line":34},"5":{"name":"(anonymous_5)","decl":{"start":{"line":43,"column":4},"end":{"line":43,"column":5}},"loc":{"start":{"line":43,"column":19},"end":{"line":46,"column":3}},"line":43},"6":{"name":"(anonymous_6)","decl":{"start":{"line":44,"column":13},"end":{"line":44,"column":14}},"loc":{"start":{"line":44,"column":28},"end":{"line":44,"column":46}},"line":44},"7":{"name":"(anonymous_7)","decl":{"start":{"line":45,"column":19},"end":{"line":45,"column":20}},"loc":{"start":{"line":45,"column":34},"end":{"line":45,"column":50}},"line":45}},"branchMap":{},"s":{"0":1,"1":1,"2":1,"3":1,"4":1,"5":1,"6":1,"7":1,"8":1,"9":1,"10":1,"11":1,"12":1},"f":{"0":1,"1":1,"2":1,"3":1,"4":1,"5":1,"6":1,"7":1},"b":{},"_coverageSchema":"1a1c01bbd47fc00a2c39e90264f33305004495a9","hash":"22d8070f5775ebcc30da34ee32de687dc446c082"}
,"/home/felipe/Documents/personal-projects/brqmovies/src/context/AuthContext.tsx": {"path":"/home/felipe/Documents/personal-projects/brqmovies/src/context/AuthContext.tsx","statementMap":{"0":{"start":{"line":14,"column":27},"end":{"line":16,"column":1}},"1":{"start":{"line":19,"column":34},"end":{"line":19,"column":49}},"2":{"start":{"line":20,"column":64},"end":{"line":20,"column":79}},"3":{"start":{"line":22,"column":2},"end":{"line":33,"column":4}}},"fnMap":{"0":{"name":"AuthContextProvider","decl":{"start":{"line":18,"column":16},"end":{"line":18,"column":35}},"loc":{"start":{"line":18,"column":76},"end":{"line":34,"column":1}},"line":18}},"branchMap":{},"s":{"0":1,"1":0,"2":0,"3":0},"f":{"0":0},"b":{},"_coverageSchema":"1a1c01bbd47fc00a2c39e90264f33305004495a9","hash":"8dad00a7d5b6a6a58769ce78e272806d026fbc52"}
,"/home/felipe/Documents/personal-projects/brqmovies/src/context/MoviesContext.tsx": {"path":"/home/felipe/Documents/personal-projects/brqmovies/src/context/MoviesContext.tsx","statementMap":{"0":{"start":{"line":41,"column":29},"end":{"line":43,"column":1}},"1":{"start":{"line":48,"column":44},"end":{"line":48,"column":70}},"2":{"start":{"line":49,"column":46},"end":{"line":49,"column":72}},"3":{"start":{"line":50,"column":62},"end":{"line":50,"column":77}},"4":{"start":{"line":51,"column":64},"end":{"line":51,"column":79}},"5":{"start":{"line":52,"column":64},"end":{"line":52,"column":79}},"6":{"start":{"line":53,"column":66},"end":{"line":53,"column":81}},"7":{"start":{"line":54,"column":44},"end":{"line":54,"column":82}},"8":{"start":{"line":57,"column":4},"end":{"line":66,"column":5}},"9":{"start":{"line":58,"column":6},"end":{"line":58,"column":38}},"10":{"start":{"line":60,"column":23},"end":{"line":60,"column":56}},"11":{"start":{"line":61,"column":6},"end":{"line":61,"column":37}},"12":{"start":{"line":63,"column":6},"end":{"line":63,"column":39}},"13":{"start":{"line":65,"column":6},"end":{"line":65,"column":39}},"14":{"start":{"line":70,"column":4},"end":{"line":79,"column":5}},"15":{"start":{"line":71,"column":6},"end":{"line":71,"column":39}},"16":{"start":{"line":73,"column":33},"end":{"line":73,"column":61}},"17":{"start":{"line":74,"column":6},"end":{"line":74,"column":44}},"18":{"start":{"line":76,"column":6},"end":{"line":76,"column":40}},"19":{"start":{"line":78,"column":6},"end":{"line":78,"column":40}},"20":{"start":{"line":82,"column":2},"end":{"line":105,"column":4}}},"fnMap":{"0":{"name":"MoviesContextProvider","decl":{"start":{"line":45,"column":16},"end":{"line":45,"column":37}},"loc":{"start":{"line":47,"column":31},"end":{"line":106,"column":1}},"line":47},"1":{"name":"fetchPopularMovies","decl":{"start":{"line":56,"column":17},"end":{"line":56,"column":35}},"loc":{"start":{"line":56,"column":38},"end":{"line":67,"column":3}},"line":56},"2":{"name":"fetchFavoriteMovies","decl":{"start":{"line":69,"column":17},"end":{"line":69,"column":36}},"loc":{"start":{"line":69,"column":39},"end":{"line":80,"column":3}},"line":69}},"branchMap":{},"s":{"0":0,"1":0,"2":0,"3":0,"4":0,"5":0,"6":0,"7":0,"8":0,"9":0,"10":0,"11":0,"12":0,"13":0,"14":0,"15":0,"16":0,"17":0,"18":0,"19":0,"20":0},"f":{"0":0,"1":0,"2":0},"b":{}}
,"/home/felipe/Documents/personal-projects/brqmovies/src/hooks/useAuth.tsx": {"path":"/home/felipe/Documents/personal-projects/brqmovies/src/hooks/useAuth.tsx","statementMap":{"0":{"start":{"line":6,"column":18},"end":{"line":6,"column":41}},"1":{"start":{"line":8,"column":2},"end":{"line":8,"column":16}}},"fnMap":{"0":{"name":"useAuth","decl":{"start":{"line":5,"column":16},"end":{"line":5,"column":23}},"loc":{"start":{"line":5,"column":48},"end":{"line":9,"column":1}},"line":5}},"branchMap":{},"s":{"0":1,"1":1},"f":{"0":1},"b":{},"_coverageSchema":"1a1c01bbd47fc00a2c39e90264f33305004495a9","hash":"3c104e75f97d8caf9b048168df7bca9f2b7f6f8b"}
,"/home/felipe/Documents/personal-projects/brqmovies/src/hooks/useMovies.tsx": {"path":"/home/felipe/Documents/personal-projects/brqmovies/src/hooks/useMovies.tsx","statementMap":{"0":{"start":{"line":6,"column":18},"end":{"line":6,"column":43}},"1":{"start":{"line":8,"column":2},"end":{"line":8,"column":16}}},"fnMap":{"0":{"name":"useMovies","decl":{"start":{"line":5,"column":16},"end":{"line":5,"column":25}},"loc":{"start":{"line":5,"column":52},"end":{"line":9,"column":1}},"line":5}},"branchMap":{},"s":{"0":0,"1":0},"f":{"0":0},"b":{}}
,"/home/felipe/Documents/personal-projects/brqmovies/src/routes/app.routes.tsx": {"path":"/home/felipe/Documents/personal-projects/brqmovies/src/routes/app.routes.tsx","statementMap":{"0":{"start":{"line":15,"column":32},"end":{"line":15,"column":80}},"1":{"start":{"line":17,"column":2},"end":{"line":35,"column":4}}},"fnMap":{"0":{"name":"AppRoutes","decl":{"start":{"line":14,"column":16},"end":{"line":14,"column":25}},"loc":{"start":{"line":14,"column":28},"end":{"line":36,"column":1}},"line":14}},"branchMap":{},"s":{"0":0,"1":0},"f":{"0":0},"b":{}}
,"/home/felipe/Documents/personal-projects/brqmovies/src/routes/auth.routes.tsx": {"path":"/home/felipe/Documents/personal-projects/brqmovies/src/routes/auth.routes.tsx","statementMap":{"0":{"start":{"line":17,"column":4},"end":{"line":17,"column":53}},"1":{"start":{"line":19,"column":2},"end":{"line":28,"column":4}}},"fnMap":{"0":{"name":"AuthRoutes","decl":{"start":{"line":15,"column":16},"end":{"line":15,"column":26}},"loc":{"start":{"line":15,"column":29},"end":{"line":29,"column":1}},"line":15}},"branchMap":{},"s":{"0":0,"1":0},"f":{"0":0},"b":{}}
,"/home/felipe/Documents/personal-projects/brqmovies/src/routes/index.tsx": {"path":"/home/felipe/Documents/personal-projects/brqmovies/src/routes/index.tsx","statementMap":{"0":{"start":{"line":11,"column":23},"end":{"line":11,"column":32}},"1":{"start":{"line":13,"column":21},"end":{"line":13,"column":31}},"2":{"start":{"line":15,"column":2},"end":{"line":21,"column":4}}},"fnMap":{"0":{"name":"Routes","decl":{"start":{"line":10,"column":16},"end":{"line":10,"column":22}},"loc":{"start":{"line":10,"column":25},"end":{"line":22,"column":1}},"line":10}},"branchMap":{"0":{"loc":{"start":{"line":18,"column":9},"end":{"line":18,"column":50}},"type":"cond-expr","locations":[{"start":{"line":18,"column":20},"end":{"line":18,"column":33}},{"start":{"line":18,"column":36},"end":{"line":18,"column":50}}],"line":18}},"s":{"0":0,"1":0,"2":0},"f":{"0":0},"b":{"0":[0,0]}}
,"/home/felipe/Documents/personal-projects/brqmovies/src/routes/movietabs.routes.tsx": {"path":"/home/felipe/Documents/personal-projects/brqmovies/src/routes/movietabs.routes.tsx","statementMap":{"0":{"start":{"line":13,"column":32},"end":{"line":13,"column":63}},"1":{"start":{"line":16,"column":4},"end":{"line":16,"column":13}},"2":{"start":{"line":19,"column":4},"end":{"line":19,"column":71}},"3":{"start":{"line":23,"column":4},"end":{"line":23,"column":38}},"4":{"start":{"line":24,"column":4},"end":{"line":24,"column":23}},"5":{"start":{"line":27,"column":2},"end":{"line":50,"column":4}}},"fnMap":{"0":{"name":"MoviesTabs","decl":{"start":{"line":12,"column":16},"end":{"line":12,"column":26}},"loc":{"start":{"line":12,"column":29},"end":{"line":51,"column":1}},"line":12},"1":{"name":"handleLogoutDropdownVisibility","decl":{"start":{"line":18,"column":11},"end":{"line":18,"column":41}},"loc":{"start":{"line":18,"column":44},"end":{"line":20,"column":3}},"line":18},"2":{"name":"handleLogout","decl":{"start":{"line":22,"column":11},"end":{"line":22,"column":23}},"loc":{"start":{"line":22,"column":26},"end":{"line":25,"column":3}},"line":22}},"branchMap":{"0":{"loc":{"start":{"line":19,"column":31},"end":{"line":19,"column":69}},"type":"cond-expr","locations":[{"start":{"line":19,"column":57},"end":{"line":19,"column":62}},{"start":{"line":19,"column":65},"end":{"line":19,"column":69}}],"line":19}},"s":{"0":0,"1":0,"2":0,"3":0,"4":0,"5":0},"f":{"0":0,"1":0,"2":0},"b":{"0":[0,0]}}
,"/home/felipe/Documents/personal-projects/brqmovies/src/screens/FavoriteMovies/index.tsx": {"path":"/home/felipe/Documents/personal-projects/brqmovies/src/screens/FavoriteMovies/index.tsx","statementMap":{"0":{"start":{"line":16,"column":23},"end":{"line":16,"column":63}},"1":{"start":{"line":18,"column":93},"end":{"line":18,"column":104}},"2":{"start":{"line":20,"column":2},"end":{"line":24,"column":3}},"3":{"start":{"line":22,"column":6},"end":{"line":22,"column":28}},"4":{"start":{"line":26,"column":2},"end":{"line":28,"column":3}},"5":{"start":{"line":27,"column":4},"end":{"line":27,"column":23}},"6":{"start":{"line":30,"column":2},"end":{"line":56,"column":4}},"7":{"start":{"line":35,"column":32},"end":{"line":35,"column":50}},"8":{"start":{"line":38,"column":10},"end":{"line":44,"column":12}},"9":{"start":{"line":41,"column":14},"end":{"line":41,"column":37}},"10":{"start":{"line":42,"column":14},"end":{"line":42,"column":39}}},"fnMap":{"0":{"name":"FavoriteMovies","decl":{"start":{"line":15,"column":16},"end":{"line":15,"column":30}},"loc":{"start":{"line":15,"column":33},"end":{"line":57,"column":1}},"line":15},"1":{"name":"(anonymous_1)","decl":{"start":{"line":21,"column":16},"end":{"line":21,"column":17}},"loc":{"start":{"line":21,"column":22},"end":{"line":23,"column":5}},"line":21},"2":{"name":"(anonymous_2)","decl":{"start":{"line":35,"column":22},"end":{"line":35,"column":23}},"loc":{"start":{"line":35,"column":32},"end":{"line":35,"column":50}},"line":35},"3":{"name":"(anonymous_3)","decl":{"start":{"line":37,"column":20},"end":{"line":37,"column":21}},"loc":{"start":{"line":38,"column":10},"end":{"line":44,"column":12}},"line":38},"4":{"name":"(anonymous_4)","decl":{"start":{"line":40,"column":21},"end":{"line":40,"column":22}},"loc":{"start":{"line":40,"column":27},"end":{"line":43,"column":13}},"line":40}},"branchMap":{"0":{"loc":{"start":{"line":26,"column":2},"end":{"line":28,"column":3}},"type":"if","locations":[{"start":{"line":26,"column":2},"end":{"line":28,"column":3}},{"start":{},"end":{}}],"line":26},"1":{"loc":{"start":{"line":46,"column":31},"end":{"line":46,"column":73}},"type":"binary-expr","locations":[{"start":{"line":46,"column":31},"end":{"line":46,"column":58}},{"start":{"line":46,"column":62},"end":{"line":46,"column":73}}],"line":46}},"s":{"0":0,"1":0,"2":0,"3":0,"4":0,"5":0,"6":0,"7":0,"8":0,"9":0,"10":0},"f":{"0":0,"1":0,"2":0,"3":0,"4":0},"b":{"0":[0,0],"1":[0,0]}}
,"/home/felipe/Documents/personal-projects/brqmovies/src/screens/FavoriteMovies/styles.ts": {"path":"/home/felipe/Documents/personal-projects/brqmovies/src/screens/FavoriteMovies/styles.ts","statementMap":{"0":{"start":{"line":3,"column":25},"end":{"line":10,"column":1}},"1":{"start":{"line":9,"column":37},"end":{"line":9,"column":60}}},"fnMap":{"0":{"name":"(anonymous_0)","decl":{"start":{"line":9,"column":22},"end":{"line":9,"column":23}},"loc":{"start":{"line":9,"column":37},"end":{"line":9,"column":60}},"line":9}},"branchMap":{},"s":{"0":0,"1":0},"f":{"0":0},"b":{}}
,"/home/felipe/Documents/personal-projects/brqmovies/src/screens/Home/index.tsx": {"path":"/home/felipe/Documents/personal-projects/brqmovies/src/screens/Home/index.tsx","statementMap":{"0":{"start":{"line":16,"column":23},"end":{"line":16,"column":63}},"1":{"start":{"line":25,"column":6},"end":{"line":25,"column":17}},"2":{"start":{"line":27,"column":2},"end":{"line":29,"column":9}},"3":{"start":{"line":28,"column":4},"end":{"line":28,"column":25}},"4":{"start":{"line":31,"column":2},"end":{"line":37,"column":9}},"5":{"start":{"line":32,"column":24},"end":{"line":35,"column":5}},"6":{"start":{"line":34,"column":12},"end":{"line":34,"column":16}},"7":{"start":{"line":36,"column":4},"end":{"line":36,"column":38}},"8":{"start":{"line":36,"column":17},"end":{"line":36,"column":37}},"9":{"start":{"line":39,"column":2},"end":{"line":41,"column":3}},"10":{"start":{"line":40,"column":4},"end":{"line":40,"column":23}},"11":{"start":{"line":43,"column":2},"end":{"line":56,"column":3}},"12":{"start":{"line":44,"column":4},"end":{"line":55,"column":6}},"13":{"start":{"line":51,"column":10},"end":{"line":51,"column":44}},"14":{"start":{"line":52,"column":10},"end":{"line":52,"column":31}},"15":{"start":{"line":58,"column":2},"end":{"line":76,"column":4}},"16":{"start":{"line":63,"column":32},"end":{"line":63,"column":50}},"17":{"start":{"line":66,"column":10},"end":{"line":72,"column":12}},"18":{"start":{"line":69,"column":14},"end":{"line":69,"column":37}},"19":{"start":{"line":70,"column":14},"end":{"line":70,"column":39}}},"fnMap":{"0":{"name":"Home","decl":{"start":{"line":15,"column":16},"end":{"line":15,"column":20}},"loc":{"start":{"line":15,"column":23},"end":{"line":77,"column":1}},"line":15},"1":{"name":"(anonymous_1)","decl":{"start":{"line":27,"column":12},"end":{"line":27,"column":13}},"loc":{"start":{"line":27,"column":18},"end":{"line":29,"column":3}},"line":27},"2":{"name":"(anonymous_2)","decl":{"start":{"line":31,"column":12},"end":{"line":31,"column":13}},"loc":{"start":{"line":31,"column":18},"end":{"line":37,"column":3}},"line":31},"3":{"name":"(anonymous_3)","decl":{"start":{"line":34,"column":6},"end":{"line":34,"column":7}},"loc":{"start":{"line":34,"column":12},"end":{"line":34,"column":16}},"line":34},"4":{"name":"(anonymous_4)","decl":{"start":{"line":36,"column":11},"end":{"line":36,"column":12}},"loc":{"start":{"line":36,"column":17},"end":{"line":36,"column":37}},"line":36},"5":{"name":"(anonymous_5)","decl":{"start":{"line":50,"column":20},"end":{"line":50,"column":21}},"loc":{"start":{"line":50,"column":26},"end":{"line":53,"column":9}},"line":50},"6":{"name":"(anonymous_6)","decl":{"start":{"line":63,"column":22},"end":{"line":63,"column":23}},"loc":{"start":{"line":63,"column":32},"end":{"line":63,"column":50}},"line":63},"7":{"name":"(anonymous_7)","decl":{"start":{"line":65,"column":20},"end":{"line":65,"column":21}},"loc":{"start":{"line":66,"column":10},"end":{"line":72,"column":12}},"line":66},"8":{"name":"(anonymous_8)","decl":{"start":{"line":68,"column":21},"end":{"line":68,"column":22}},"loc":{"start":{"line":68,"column":27},"end":{"line":71,"column":13}},"line":68}},"branchMap":{"0":{"loc":{"start":{"line":39,"column":2},"end":{"line":41,"column":3}},"type":"if","locations":[{"start":{"line":39,"column":2},"end":{"line":41,"column":3}},{"start":{},"end":{}}],"line":39},"1":{"loc":{"start":{"line":43,"column":2},"end":{"line":56,"column":3}},"type":"if","locations":[{"start":{"line":43,"column":2},"end":{"line":56,"column":3}},{"start":{},"end":{}}],"line":43}},"s":{"0":0,"1":0,"2":0,"3":0,"4":0,"5":0,"6":0,"7":0,"8":0,"9":0,"10":0,"11":0,"12":0,"13":0,"14":0,"15":0,"16":0,"17":0,"18":0,"19":0},"f":{"0":0,"1":0,"2":0,"3":0,"4":0,"5":0,"6":0,"7":0,"8":0},"b":{"0":[0,0],"1":[0,0]}}
,"/home/felipe/Documents/personal-projects/brqmovies/src/screens/Home/styles.ts": {"path":"/home/felipe/Documents/personal-projects/brqmovies/src/screens/Home/styles.ts","statementMap":{"0":{"start":{"line":3,"column":25},"end":{"line":10,"column":1}},"1":{"start":{"line":9,"column":37},"end":{"line":9,"column":60}}},"fnMap":{"0":{"name":"(anonymous_0)","decl":{"start":{"line":9,"column":22},"end":{"line":9,"column":23}},"loc":{"start":{"line":9,"column":37},"end":{"line":9,"column":60}},"line":9}},"branchMap":{},"s":{"0":0,"1":0},"f":{"0":0},"b":{}}
,"/home/felipe/Documents/personal-projects/brqmovies/src/screens/MovieDetails/index.tsx": {"path":"/home/felipe/Documents/personal-projects/brqmovies/src/screens/MovieDetails/index.tsx","statementMap":{"0":{"start":{"line":36,"column":23},"end":{"line":36,"column":63}},"1":{"start":{"line":37,"column":28},"end":{"line":37,"column":73}},"2":{"start":{"line":40,"column":21},"end":{"line":40,"column":31}},"3":{"start":{"line":42,"column":21},"end":{"line":42,"column":36}},"4":{"start":{"line":44,"column":44},"end":{"line":44,"column":55}},"5":{"start":{"line":46,"column":26},"end":{"line":48,"column":3}},"6":{"start":{"line":47,"column":15},"end":{"line":47,"column":44}},"7":{"start":{"line":50,"column":38},"end":{"line":50,"column":63}},"8":{"start":{"line":53,"column":4},"end":{"line":59,"column":5}},"9":{"start":{"line":54,"column":6},"end":{"line":54,"column":27}},"10":{"start":{"line":55,"column":6},"end":{"line":55,"column":47}},"11":{"start":{"line":57,"column":6},"end":{"line":57,"column":26}},"12":{"start":{"line":58,"column":6},"end":{"line":58,"column":45}},"13":{"start":{"line":62,"column":18},"end":{"line":62,"column":35}},"14":{"start":{"line":64,"column":24},"end":{"line":68,"column":4}},"15":{"start":{"line":66,"column":6},"end":{"line":66,"column":44}},"16":{"start":{"line":70,"column":31},"end":{"line":78,"column":4}},"17":{"start":{"line":71,"column":4},"end":{"line":77,"column":6}},"18":{"start":{"line":80,"column":36},"end":{"line":88,"column":4}},"19":{"start":{"line":81,"column":4},"end":{"line":87,"column":6}},"20":{"start":{"line":90,"column":2},"end":{"line":159,"column":4}}},"fnMap":{"0":{"name":"MovieDetails","decl":{"start":{"line":39,"column":16},"end":{"line":39,"column":28}},"loc":{"start":{"line":39,"column":31},"end":{"line":160,"column":1}},"line":39},"1":{"name":"(anonymous_1)","decl":{"start":{"line":47,"column":4},"end":{"line":47,"column":5}},"loc":{"start":{"line":47,"column":15},"end":{"line":47,"column":44}},"line":47},"2":{"name":"handleFavoriteMovie","decl":{"start":{"line":52,"column":17},"end":{"line":52,"column":36}},"loc":{"start":{"line":52,"column":39},"end":{"line":60,"column":3}},"line":52},"3":{"name":"(anonymous_3)","decl":{"start":{"line":65,"column":14},"end":{"line":65,"column":15}},"loc":{"start":{"line":65,"column":25},"end":{"line":67,"column":5}},"line":65},"4":{"name":"(anonymous_4)","decl":{"start":{"line":70,"column":48},"end":{"line":70,"column":49}},"loc":{"start":{"line":70,"column":54},"end":{"line":78,"column":3}},"line":70},"5":{"name":"(anonymous_5)","decl":{"start":{"line":80,"column":53},"end":{"line":80,"column":54}},"loc":{"start":{"line":80,"column":59},"end":{"line":88,"column":3}},"line":80}},"branchMap":{"0":{"loc":{"start":{"line":53,"column":4},"end":{"line":59,"column":5}},"type":"if","locations":[{"start":{"line":53,"column":4},"end":{"line":59,"column":5}},{"start":{"line":56,"column":11},"end":{"line":59,"column":5}}],"line":53},"1":{"loc":{"start":{"line":104,"column":16},"end":{"line":104,"column":60}},"type":"cond-expr","locations":[{"start":{"line":104,"column":29},"end":{"line":104,"column":39}},{"start":{"line":104,"column":42},"end":{"line":104,"column":60}}],"line":104},"2":{"loc":{"start":{"line":152,"column":29},"end":{"line":152,"column":64}},"type":"cond-expr","locations":[{"start":{"line":152,"column":51},"end":{"line":152,"column":56}},{"start":{"line":152,"column":59},"end":{"line":152,"column":64}}],"line":152}},"s":{"0":0,"1":0,"2":0,"3":0,"4":0,"5":0,"6":0,"7":0,"8":0,"9":0,"10":0,"11":0,"12":0,"13":0,"14":0,"15":0,"16":0,"17":0,"18":0,"19":0,"20":0},"f":{"0":0,"1":0,"2":0,"3":0,"4":0,"5":0},"b":{"0":[0,0],"1":[0,0],"2":[0,0]}}
,"/home/felipe/Documents/personal-projects/brqmovies/src/screens/MovieDetails/styles.ts": {"path":"/home/felipe/Documents/personal-projects/brqmovies/src/screens/MovieDetails/styles.ts","statementMap":{"0":{"start":{"line":4,"column":25},"end":{"line":9,"column":1}},"1":{"start":{"line":8,"column":37},"end":{"line":8,"column":60}},"2":{"start":{"line":11,"column":22},"end":{"line":19,"column":1}},"3":{"start":{"line":21,"column":27},"end":{"line":30,"column":1}},"4":{"start":{"line":26,"column":19},"end":{"line":29,"column":3}},"5":{"start":{"line":32,"column":22},"end":{"line":36,"column":1}},"6":{"start":{"line":38,"column":23},"end":{"line":42,"column":1}},"7":{"start":{"line":44,"column":29},"end":{"line":52,"column":1}},"8":{"start":{"line":48,"column":19},"end":{"line":51,"column":3}},"9":{"start":{"line":54,"column":29},"end":{"line":62,"column":1}},"10":{"start":{"line":58,"column":19},"end":{"line":61,"column":3}},"11":{"start":{"line":64,"column":24},"end":{"line":74,"column":1}},"12":{"start":{"line":70,"column":19},"end":{"line":73,"column":3}},"13":{"start":{"line":76,"column":30},"end":{"line":81,"column":1}}},"fnMap":{"0":{"name":"(anonymous_0)","decl":{"start":{"line":8,"column":22},"end":{"line":8,"column":23}},"loc":{"start":{"line":8,"column":37},"end":{"line":8,"column":60}},"line":8},"1":{"name":"(anonymous_1)","decl":{"start":{"line":26,"column":4},"end":{"line":26,"column":5}},"loc":{"start":{"line":26,"column":19},"end":{"line":29,"column":3}},"line":26},"2":{"name":"(anonymous_2)","decl":{"start":{"line":48,"column":4},"end":{"line":48,"column":5}},"loc":{"start":{"line":48,"column":19},"end":{"line":51,"column":3}},"line":48},"3":{"name":"(anonymous_3)","decl":{"start":{"line":58,"column":4},"end":{"line":58,"column":5}},"loc":{"start":{"line":58,"column":19},"end":{"line":61,"column":3}},"line":58},"4":{"name":"(anonymous_4)","decl":{"start":{"line":70,"column":4},"end":{"line":70,"column":5}},"loc":{"start":{"line":70,"column":19},"end":{"line":73,"column":3}},"line":70}},"branchMap":{"0":{"loc":{"start":{"line":18,"column":17},"end":{"line":18,"column":48}},"type":"cond-expr","locations":[{"start":{"line":18,"column":41},"end":{"line":18,"column":43}},{"start":{"line":18,"column":46},"end":{"line":18,"column":48}}],"line":18}},"s":{"0":0,"1":0,"2":0,"3":0,"4":0,"5":0,"6":0,"7":0,"8":0,"9":0,"10":0,"11":0,"12":0,"13":0},"f":{"0":0,"1":0,"2":0,"3":0,"4":0},"b":{"0":[0,0]}}
,"/home/felipe/Documents/personal-projects/brqmovies/src/screens/SignIn/index.tsx": {"path":"/home/felipe/Documents/personal-projects/brqmovies/src/screens/SignIn/index.tsx","statementMap":{"0":{"start":{"line":32,"column":21},"end":{"line":38,"column":2}},"1":{"start":{"line":41,"column":26},"end":{"line":41,"column":35}},"2":{"start":{"line":43,"column":48},"end":{"line":43,"column":60}},"3":{"start":{"line":44,"column":48},"end":{"line":44,"column":63}},"4":{"start":{"line":52,"column":6},"end":{"line":54,"column":4}},"5":{"start":{"line":56,"column":29},"end":{"line":56,"column":73}},"6":{"start":{"line":59,"column":4},"end":{"line":64,"column":5}},"7":{"start":{"line":60,"column":6},"end":{"line":60,"column":23}},"8":{"start":{"line":62,"column":6},"end":{"line":62,"column":31}},"9":{"start":{"line":63,"column":6},"end":{"line":63,"column":46}},"10":{"start":{"line":67,"column":2},"end":{"line":73,"column":24}},"11":{"start":{"line":68,"column":4},"end":{"line":72,"column":5}},"12":{"start":{"line":69,"column":6},"end":{"line":71,"column":15}},"13":{"start":{"line":70,"column":8},"end":{"line":70,"column":34}},"14":{"start":{"line":75,"column":2},"end":{"line":142,"column":4}},"15":{"start":{"line":86,"column":16},"end":{"line":95,"column":18}},"16":{"start":{"line":93,"column":38},"end":{"line":93,"column":56}},"17":{"start":{"line":103,"column":16},"end":{"line":114,"column":18}},"18":{"start":{"line":112,"column":38},"end":{"line":112,"column":60}}},"fnMap":{"0":{"name":"SignIn","decl":{"start":{"line":40,"column":16},"end":{"line":40,"column":22}},"loc":{"start":{"line":40,"column":25},"end":{"line":143,"column":1}},"line":40},"1":{"name":"handleSignIn","decl":{"start":{"line":58,"column":11},"end":{"line":58,"column":23}},"loc":{"start":{"line":58,"column":59},"end":{"line":65,"column":3}},"line":58},"2":{"name":"(anonymous_2)","decl":{"start":{"line":67,"column":12},"end":{"line":67,"column":13}},"loc":{"start":{"line":67,"column":18},"end":{"line":73,"column":3}},"line":67},"3":{"name":"(anonymous_3)","decl":{"start":{"line":69,"column":17},"end":{"line":69,"column":18}},"loc":{"start":{"line":69,"column":23},"end":{"line":71,"column":7}},"line":69},"4":{"name":"(anonymous_4)","decl":{"start":{"line":85,"column":22},"end":{"line":85,"column":23}},"loc":{"start":{"line":86,"column":16},"end":{"line":95,"column":18}},"line":86},"5":{"name":"(anonymous_5)","decl":{"start":{"line":93,"column":32},"end":{"line":93,"column":33}},"loc":{"start":{"line":93,"column":38},"end":{"line":93,"column":56}},"line":93},"6":{"name":"(anonymous_6)","decl":{"start":{"line":102,"column":22},"end":{"line":102,"column":23}},"loc":{"start":{"line":103,"column":16},"end":{"line":114,"column":18}},"line":103},"7":{"name":"(anonymous_7)","decl":{"start":{"line":112,"column":32},"end":{"line":112,"column":33}},"loc":{"start":{"line":112,"column":38},"end":{"line":112,"column":60}},"line":112}},"branchMap":{"0":{"loc":{"start":{"line":56,"column":29},"end":{"line":56,"column":73}},"type":"binary-expr","locations":[{"start":{"line":56,"column":29},"end":{"line":56,"column":47}},{"start":{"line":56,"column":51},"end":{"line":56,"column":73}}],"line":56},"1":{"loc":{"start":{"line":59,"column":4},"end":{"line":64,"column":5}},"type":"if","locations":[{"start":{"line":59,"column":4},"end":{"line":64,"column":5}},{"start":{"line":61,"column":11},"end":{"line":64,"column":5}}],"line":59},"2":{"loc":{"start":{"line":59,"column":8},"end":{"line":59,"column":45}},"type":"binary-expr","locations":[{"start":{"line":59,"column":8},"end":{"line":59,"column":23}},{"start":{"line":59,"column":27},"end":{"line":59,"column":45}}],"line":59},"3":{"loc":{"start":{"line":68,"column":4},"end":{"line":72,"column":5}},"type":"if","locations":[{"start":{"line":68,"column":4},"end":{"line":72,"column":5}},{"start":{},"end":{}}],"line":68},"4":{"loc":{"start":{"line":133,"column":11},"end":{"line":138,"column":11}},"type":"binary-expr","locations":[{"start":{"line":133,"column":11},"end":{"line":133,"column":26}},{"start":{"line":134,"column":12},"end":{"line":137,"column":14}}],"line":133}},"s":{"0":0,"1":0,"2":0,"3":0,"4":0,"5":0,"6":0,"7":0,"8":0,"9":0,"10":0,"11":0,"12":0,"13":0,"14":0,"15":0,"16":0,"17":0,"18":0},"f":{"0":0,"1":0,"2":0,"3":0,"4":0,"5":0,"6":0,"7":0},"b":{"0":[0,0],"1":[0,0],"2":[0,0],"3":[0,0],"4":[0,0]}}
,"/home/felipe/Documents/personal-projects/brqmovies/src/screens/SignIn/styles.ts": {"path":"/home/felipe/Documents/personal-projects/brqmovies/src/screens/SignIn/styles.ts","statementMap":{"0":{"start":{"line":4,"column":25},"end":{"line":11,"column":1}},"1":{"start":{"line":10,"column":37},"end":{"line":10,"column":60}},"2":{"start":{"line":13,"column":25},"end":{"line":16,"column":1}},"3":{"start":{"line":18,"column":35},"end":{"line":21,"column":1}},"4":{"start":{"line":23,"column":36},"end":{"line":26,"column":1}},"5":{"start":{"line":28,"column":41},"end":{"line":36,"column":1}},"6":{"start":{"line":32,"column":19},"end":{"line":35,"column":3}},"7":{"start":{"line":38,"column":24},"end":{"line":42,"column":1}},"8":{"start":{"line":41,"column":37},"end":{"line":41,"column":58}}},"fnMap":{"0":{"name":"(anonymous_0)","decl":{"start":{"line":10,"column":22},"end":{"line":10,"column":23}},"loc":{"start":{"line":10,"column":37},"end":{"line":10,"column":60}},"line":10},"1":{"name":"(anonymous_1)","decl":{"start":{"line":32,"column":4},"end":{"line":32,"column":5}},"loc":{"start":{"line":32,"column":19},"end":{"line":35,"column":3}},"line":32},"2":{"name":"(anonymous_2)","decl":{"start":{"line":41,"column":22},"end":{"line":41,"column":23}},"loc":{"start":{"line":41,"column":37},"end":{"line":41,"column":58}},"line":41}},"branchMap":{},"s":{"0":0,"1":0,"2":0,"3":0,"4":0,"5":0,"6":0,"7":0,"8":0},"f":{"0":0,"1":0,"2":0},"b":{}}
,"/home/felipe/Documents/personal-projects/brqmovies/src/services/api.ts": {"path":"/home/felipe/Documents/personal-projects/brqmovies/src/services/api.ts","statementMap":{"0":{"start":{"line":5,"column":19},"end":{"line":11,"column":2}}},"fnMap":{},"branchMap":{},"s":{"0":1},"f":{},"b":{},"_coverageSchema":"1a1c01bbd47fc00a2c39e90264f33305004495a9","hash":"715651a3ccc33f18f10c431bc53ac131dac79266"}
,"/home/felipe/Documents/personal-projects/brqmovies/src/storage/storageConfig.ts": {"path":"/home/felipe/Documents/personal-projects/brqmovies/src/storage/storageConfig.ts","statementMap":{"0":{"start":{"line":1,"column":19},"end":{"line":1,"column":31}},"1":{"start":{"line":2,"column":35},"end":{"line":2,"column":66}}},"fnMap":{},"branchMap":{},"s":{"0":1,"1":1},"f":{},"b":{},"_coverageSchema":"1a1c01bbd47fc00a2c39e90264f33305004495a9","hash":"acb38e23c627a8e8171404afe033b47cac69774e"}
,"/home/felipe/Documents/personal-projects/brqmovies/src/storage/favoriteMovies/getAllFavoriteMovies.ts": {"path":"/home/felipe/Documents/personal-projects/brqmovies/src/storage/favoriteMovies/getAllFavoriteMovies.ts","statementMap":{"0":{"start":{"line":8,"column":2},"end":{"line":17,"column":3}},"1":{"start":{"line":9,"column":20},"end":{"line":9,"column":74}},"2":{"start":{"line":11,"column":41},"end":{"line":11,"column":75}},"3":{"start":{"line":13,"column":4},"end":{"line":13,"column":25}},"4":{"start":{"line":16,"column":4},"end":{"line":16,"column":15}}},"fnMap":{"0":{"name":"getAllFavoriteMovies","decl":{"start":{"line":7,"column":22},"end":{"line":7,"column":42}},"loc":{"start":{"line":7,"column":44},"end":{"line":18,"column":1}},"line":7}},"branchMap":{"0":{"loc":{"start":{"line":11,"column":41},"end":{"line":11,"column":75}},"type":"cond-expr","locations":[{"start":{"line":11,"column":51},"end":{"line":11,"column":70}},{"start":{"line":11,"column":73},"end":{"line":11,"column":75}}],"line":11}},"s":{"0":6,"1":6,"2":6,"3":6,"4":0},"f":{"0":6},"b":{"0":[4,2]},"_coverageSchema":"1a1c01bbd47fc00a2c39e90264f33305004495a9","hash":"bd7e2b62b76b781e58687017b415ff30d772e383"}
,"/home/felipe/Documents/personal-projects/brqmovies/src/storage/favoriteMovies/removeFavoriteMovie.ts": {"path":"/home/felipe/Documents/personal-projects/brqmovies/src/storage/favoriteMovies/removeFavoriteMovie.ts","statementMap":{"0":{"start":{"line":10,"column":2},"end":{"line":20,"column":3}},"1":{"start":{"line":12,"column":25},"end":{"line":12,"column":53}},"2":{"start":{"line":14,"column":27},"end":{"line":14,"column":96}},"3":{"start":{"line":14,"column":65},"end":{"line":14,"column":95}},"4":{"start":{"line":16,"column":4},"end":{"line":16,"column":90}},"5":{"start":{"line":19,"column":4},"end":{"line":19,"column":15}}},"fnMap":{"0":{"name":"removeFavoriteMovie","decl":{"start":{"line":9,"column":22},"end":{"line":9,"column":41}},"loc":{"start":{"line":9,"column":60},"end":{"line":21,"column":1}},"line":9},"1":{"name":"(anonymous_1)","decl":{"start":{"line":14,"column":47},"end":{"line":14,"column":48}},"loc":{"start":{"line":14,"column":65},"end":{"line":14,"column":95}},"line":14}},"branchMap":{},"s":{"0":1,"1":1,"2":1,"3":2,"4":1,"5":0},"f":{"0":1,"1":2},"b":{},"_coverageSchema":"1a1c01bbd47fc00a2c39e90264f33305004495a9","hash":"003d20ed42d0b1e02439ec9affd1a65ca5a63a28"}
,"/home/felipe/Documents/personal-projects/brqmovies/src/storage/favoriteMovies/saveFavoriteMovie.ts": {"path":"/home/felipe/Documents/personal-projects/brqmovies/src/storage/favoriteMovies/saveFavoriteMovie.ts","statementMap":{"0":{"start":{"line":9,"column":2},"end":{"line":18,"column":3}},"1":{"start":{"line":10,"column":24},"end":{"line":10,"column":52}},"2":{"start":{"line":12,"column":20},"end":{"line":12,"column":59}},"3":{"start":{"line":14,"column":4},"end":{"line":14,"column":67}},"4":{"start":{"line":17,"column":4},"end":{"line":17,"column":15}}},"fnMap":{"0":{"name":"saveFavoriteMovie","decl":{"start":{"line":8,"column":22},"end":{"line":8,"column":39}},"loc":{"start":{"line":8,"column":58},"end":{"line":19,"column":1}},"line":8}},"branchMap":{},"s":{"0":2,"1":2,"2":2,"3":2,"4":0},"f":{"0":2},"b":{},"_coverageSchema":"1a1c01bbd47fc00a2c39e90264f33305004495a9","hash":"7fd5dc7c60493f5e96a573e0108e985488381627"}
,"/home/felipe/Documents/personal-projects/brqmovies/src/theme/index.ts": {"path":"/home/felipe/Documents/personal-projects/brqmovies/src/theme/index.ts","statementMap":{"0":{"start":{"line":1,"column":21},"end":{"line":23,"column":1}}},"fnMap":{},"branchMap":{},"s":{"0":7},"f":{},"b":{},"_coverageSchema":"1a1c01bbd47fc00a2c39e90264f33305004495a9","hash":"16d733005a907fefde2c525e1cc1fc2f8bbab9ad"}
,"/home/felipe/Documents/personal-projects/brqmovies/src/utils/formatDateToBrazilianFormat.ts": {"path":"/home/felipe/Documents/personal-projects/brqmovies/src/utils/formatDateToBrazilianFormat.ts","statementMap":{"0":{"start":{"line":2,"column":20},"end":{"line":2,"column":40}},"1":{"start":{"line":4,"column":14},"end":{"line":4,"column":26}},"2":{"start":{"line":5,"column":16},"end":{"line":5,"column":28}},"3":{"start":{"line":6,"column":15},"end":{"line":6,"column":27}},"4":{"start":{"line":8,"column":2},"end":{"line":8,"column":35}}},"fnMap":{"0":{"name":"formatDateToBrazilianFormat","decl":{"start":{"line":1,"column":16},"end":{"line":1,"column":43}},"loc":{"start":{"line":1,"column":71},"end":{"line":9,"column":1}},"line":1}},"branchMap":{},"s":{"0":1,"1":1,"2":1,"3":1,"4":1},"f":{"0":1},"b":{},"_coverageSchema":"1a1c01bbd47fc00a2c39e90264f33305004495a9","hash":"4d537ab8ffb46ce39a7b2b6478125c19da258221"}
}
