TN:
SF:src/components/AppBar/index.tsx
FN:15,AppBar
FNF:1
FNH:1
FNDA:4,AppBar
DA:22,4
DA:24,4
LF:2
LH:2
BRDA:38,0,0,4
BRDA:38,0,1,2
BRF:2
BRH:2
end_of_record
TN:
SF:src/components/AppBar/styles.ts
FN:11,(anonymous_0)
FN:17,(anonymous_1)
FNF:2
FNH:2
FNDA:4,(anonymous_0)
FNDA:4,(anonymous_1)
DA:4,1
DA:11,4
DA:14,1
DA:17,4
LF:4
LH:4
BRDA:10,0,0,1
BRDA:10,0,1,0
BRF:2
BRH:1
end_of_record
TN:
SF:src/components/Button/index.tsx
FN:10,Button
FNF:1
FNH:1
FNDA:4,Button
DA:11,4
LF:1
LH:1
BRF:0
BRH:0
end_of_record
TN:
SF:src/components/Button/styles.ts
FN:17,(anonymous_0)
FN:26,(anonymous_1)
FNF:2
FNH:2
FNDA:4,(anonymous_0)
FNDA:4,(anonymous_1)
DA:8,2
DA:17,4
DA:22,2
DA:26,4
LF:4
LH:4
BRDA:18,0,0,1
BRDA:18,0,1,3
BRDA:28,1,0,1
BRDA:28,1,1,3
BRF:4
BRH:4
end_of_record
TN:
SF:src/components/ErrorCard/index.tsx
FN:16,ErrorCard
FNF:1
FNH:1
FNDA:3,ErrorCard
DA:17,3
DA:19,3
LF:2
LH:2
BRDA:29,0,0,3
BRDA:29,0,1,1
BRDA:29,0,2,1
BRF:3
BRH:3
end_of_record
TN:
SF:src/components/ErrorCard/styles.ts
FN:9,(anonymous_0)
FN:16,(anonymous_1)
FN:28,(anonymous_2)
FN:41,(anonymous_3)
FNF:4
FNH:4
FNDA:3,(anonymous_0)
FNDA:3,(anonymous_1)
FNDA:3,(anonymous_2)
FNDA:3,(anonymous_3)
DA:3,1
DA:9,3
DA:12,1
DA:16,3
DA:22,1
DA:28,3
DA:34,1
DA:41,3
LF:8
LH:8
BRF:0
BRH:0
end_of_record
TN:
SF:src/components/IconButton/index.tsx
FN:16,IconButton
FNF:1
FNH:1
FNDA:5,IconButton
DA:14,2
DA:18,5
LF:2
LH:2
BRDA:16,0,0,0
BRF:1
BRH:0
end_of_record
TN:
SF:src/components/IconButton/styles.ts
FN:8,(anonymous_0)
FN:16,(anonymous_1)
FNF:2
FNH:2
FNDA:5,(anonymous_0)
FNDA:5,(anonymous_1)
DA:8,5
DA:16,5
LF:2
LH:2
BRDA:16,0,0,3
BRDA:16,0,1,2
BRF:2
BRH:2
end_of_record
TN:
SF:src/components/Input/index.tsx
FN:14,Input
FNF:1
FNH:0
FNDA:0,Input
DA:21,0
DA:23,0
DA:25,0
LF:3
LH:0
BRDA:34,0,0,0
BRDA:34,0,1,0
BRDA:46,1,0,0
BRDA:46,1,1,0
BRF:4
BRH:0
end_of_record
TN:
SF:src/components/Input/styles.ts
FN:8,(anonymous_0)
FNF:1
FNH:0
FNDA:0,(anonymous_0)
DA:3,0
DA:8,0
LF:2
LH:0
BRF:0
BRH:0
end_of_record
TN:
SF:src/components/Loading/index.tsx
FN:3,Loading
FNF:1
FNH:1
FNDA:1,Loading
DA:4,1
LF:1
LH:1
BRF:0
BRH:0
end_of_record
TN:
SF:src/components/Loading/styles.ts
FN:12,(anonymous_0)
FNF:1
FNH:1
FNDA:1,(anonymous_0)
DA:5,1
DA:12,1
LF:2
LH:2
BRF:0
BRH:0
end_of_record
TN:
SF:src/components/LogoutButton/index.tsx
FN:7,LogoutButton
FNF:1
FNH:1
FNDA:4,LogoutButton
DA:8,4
DA:10,4
LF:2
LH:2
BRF:0
BRH:0
end_of_record
TN:
SF:src/components/LogoutButton/styles.ts
FN:15,(anonymous_0)
FN:23,(anonymous_1)
FNF:2
FNH:2
FNDA:4,(anonymous_0)
FNDA:4,(anonymous_1)
DA:3,2
DA:15,4
DA:18,2
DA:23,4
LF:4
LH:4
BRF:0
BRH:0
end_of_record
TN:
SF:src/components/MovieCard/index.tsx
FN:13,MovieCard
FNF:1
FNH:1
FNDA:1,MovieCard
DA:14,1
LF:1
LH:1
BRF:0
BRH:0
end_of_record
TN:
SF:src/components/MovieCard/styles.ts
FNF:0
FNH:0
DA:3,1
DA:9,1
LF:2
LH:2
BRF:0
BRH:0
end_of_record
TN:
SF:src/components/MovieDetailsCard/index.tsx
FN:12,MovieDetailsCard
FNF:1
FNH:1
FNDA:1,MovieDetailsCard
DA:13,1
DA:15,1
LF:2
LH:2
BRF:0
BRH:0
end_of_record
TN:
SF:src/components/MovieDetailsCard/styles.ts
FN:10,(anonymous_0)
FN:24,(anonymous_1)
FN:32,(anonymous_2)
FN:33,(anonymous_3)
FN:34,(anonymous_4)
FN:43,(anonymous_5)
FN:44,(anonymous_6)
FN:45,(anonymous_7)
FNF:8
FNH:8
FNDA:1,(anonymous_0)
FNDA:1,(anonymous_1)
FNDA:1,(anonymous_2)
FNDA:1,(anonymous_3)
FNDA:1,(anonymous_4)
FNDA:1,(anonymous_5)
FNDA:1,(anonymous_6)
FNDA:1,(anonymous_7)
DA:3,1
DA:10,1
DA:13,1
DA:18,1
DA:24,1
DA:27,1
DA:32,1
DA:33,1
DA:34,1
DA:38,1
DA:43,1
DA:44,1
DA:45,1
LF:13
LH:13
BRF:0
BRH:0
end_of_record
TN:
SF:src/context/AuthContext.tsx
FN:18,AuthContextProvider
FNF:1
FNH:0
FNDA:0,AuthContextProvider
DA:14,1
DA:19,0
DA:20,0
DA:22,0
LF:4
LH:1
BRF:0
BRH:0
end_of_record
TN:
SF:src/context/MoviesContext.tsx
FN:45,MoviesContextProvider
FN:56,fetchPopularMovies
FN:69,fetchFavoriteMovies
FNF:3
FNH:0
FNDA:0,MoviesContextProvider
FNDA:0,fetchPopularMovies
FNDA:0,fetchFavoriteMovies
DA:41,0
DA:48,0
DA:49,0
DA:50,0
DA:51,0
DA:52,0
DA:53,0
DA:54,0
DA:57,0
DA:58,0
DA:60,0
DA:61,0
DA:63,0
DA:65,0
DA:70,0
DA:71,0
DA:73,0
DA:74,0
DA:76,0
DA:78,0
DA:82,0
LF:21
LH:0
BRF:0
BRH:0
end_of_record
TN:
SF:src/hooks/useAuth.tsx
FN:5,useAuth
FNF:1
FNH:1
FNDA:1,useAuth
DA:6,1
DA:8,1
LF:2
LH:2
BRF:0
BRH:0
end_of_record
TN:
SF:src/hooks/useMovies.tsx
FN:5,useMovies
FNF:1
FNH:0
FNDA:0,useMovies
DA:6,0
DA:8,0
LF:2
LH:0
BRF:0
BRH:0
end_of_record
TN:
SF:src/routes/app.routes.tsx
FN:14,AppRoutes
FNF:1
FNH:0
FNDA:0,AppRoutes
DA:15,0
DA:17,0
LF:2
LH:0
BRF:0
BRH:0
end_of_record
TN:
SF:src/routes/auth.routes.tsx
FN:15,AuthRoutes
FNF:1
FNH:0
FNDA:0,AuthRoutes
DA:17,0
DA:19,0
LF:2
LH:0
BRF:0
BRH:0
end_of_record
TN:
SF:src/routes/index.tsx
FN:10,Routes
FNF:1
FNH:0
FNDA:0,Routes
DA:11,0
DA:13,0
DA:15,0
LF:3
LH:0
BRDA:18,0,0,0
BRDA:18,0,1,0
BRF:2
BRH:0
end_of_record
TN:
SF:src/routes/movietabs.routes.tsx
FN:12,MoviesTabs
FN:18,handleLogoutDropdownVisibility
FN:22,handleLogout
FNF:3
FNH:0
FNDA:0,MoviesTabs
FNDA:0,handleLogoutDropdownVisibility
FNDA:0,handleLogout
DA:13,0
DA:16,0
DA:19,0
DA:23,0
DA:24,0
DA:27,0
LF:6
LH:0
BRDA:19,0,0,0
BRDA:19,0,1,0
BRF:2
BRH:0
end_of_record
TN:
SF:src/screens/FavoriteMovies/index.tsx
FN:15,FavoriteMovies
FN:21,(anonymous_1)
FN:35,(anonymous_2)
FN:37,(anonymous_3)
FN:40,(anonymous_4)
FNF:5
FNH:0
FNDA:0,FavoriteMovies
FNDA:0,(anonymous_1)
FNDA:0,(anonymous_2)
FNDA:0,(anonymous_3)
FNDA:0,(anonymous_4)
DA:16,0
DA:18,0
DA:20,0
DA:22,0
DA:26,0
DA:27,0
DA:30,0
DA:35,0
DA:38,0
DA:41,0
DA:42,0
LF:11
LH:0
BRDA:26,0,0,0
BRDA:26,0,1,0
BRDA:46,1,0,0
BRDA:46,1,1,0
BRF:4
BRH:0
end_of_record
TN:
SF:src/screens/FavoriteMovies/styles.ts
FN:9,(anonymous_0)
FNF:1
FNH:0
FNDA:0,(anonymous_0)
DA:3,0
DA:9,0
LF:2
LH:0
BRF:0
BRH:0
end_of_record
TN:
SF:src/screens/Home/index.tsx
FN:15,Home
FN:27,(anonymous_1)
FN:31,(anonymous_2)
FN:34,(anonymous_3)
FN:36,(anonymous_4)
FN:50,(anonymous_5)
FN:63,(anonymous_6)
FN:65,(anonymous_7)
FN:68,(anonymous_8)
FNF:9
FNH:0
FNDA:0,Home
FNDA:0,(anonymous_1)
FNDA:0,(anonymous_2)
FNDA:0,(anonymous_3)
FNDA:0,(anonymous_4)
FNDA:0,(anonymous_5)
FNDA:0,(anonymous_6)
FNDA:0,(anonymous_7)
FNDA:0,(anonymous_8)
DA:16,0
DA:25,0
DA:27,0
DA:28,0
DA:31,0
DA:32,0
DA:34,0
DA:36,0
DA:39,0
DA:40,0
DA:43,0
DA:44,0
DA:51,0
DA:52,0
DA:58,0
DA:63,0
DA:66,0
DA:69,0
DA:70,0
LF:19
LH:0
BRDA:39,0,0,0
BRDA:39,0,1,0
BRDA:43,1,0,0
BRDA:43,1,1,0
BRF:4
BRH:0
end_of_record
TN:
SF:src/screens/Home/styles.ts
FN:9,(anonymous_0)
FNF:1
FNH:0
FNDA:0,(anonymous_0)
DA:3,0
DA:9,0
LF:2
LH:0
BRF:0
BRH:0
end_of_record
TN:
SF:src/screens/MovieDetails/index.tsx
FN:39,MovieDetails
FN:47,(anonymous_1)
FN:52,handleFavoriteMovie
FN:65,(anonymous_3)
FN:70,(anonymous_4)
FN:80,(anonymous_5)
FNF:6
FNH:0
FNDA:0,MovieDetails
FNDA:0,(anonymous_1)
FNDA:0,handleFavoriteMovie
FNDA:0,(anonymous_3)
FNDA:0,(anonymous_4)
FNDA:0,(anonymous_5)
DA:36,0
DA:37,0
DA:40,0
DA:42,0
DA:44,0
DA:46,0
DA:47,0
DA:50,0
DA:53,0
DA:54,0
DA:55,0
DA:57,0
DA:58,0
DA:62,0
DA:64,0
DA:66,0
DA:70,0
DA:71,0
DA:80,0
DA:81,0
DA:90,0
LF:21
LH:0
BRDA:53,0,0,0
BRDA:53,0,1,0
BRDA:104,1,0,0
BRDA:104,1,1,0
BRDA:152,2,0,0
BRDA:152,2,1,0
BRF:6
BRH:0
end_of_record
TN:
SF:src/screens/MovieDetails/styles.ts
FN:8,(anonymous_0)
FN:26,(anonymous_1)
FN:48,(anonymous_2)
FN:58,(anonymous_3)
FN:70,(anonymous_4)
FNF:5
FNH:0
FNDA:0,(anonymous_0)
FNDA:0,(anonymous_1)
FNDA:0,(anonymous_2)
FNDA:0,(anonymous_3)
FNDA:0,(anonymous_4)
DA:4,0
DA:8,0
DA:11,0
DA:21,0
DA:26,0
DA:32,0
DA:38,0
DA:44,0
DA:48,0
DA:54,0
DA:58,0
DA:64,0
DA:70,0
DA:76,0
LF:14
LH:0
BRDA:18,0,0,0
BRDA:18,0,1,0
BRF:2
BRH:0
end_of_record
TN:
SF:src/screens/SignIn/index.tsx
FN:40,SignIn
FN:58,handleSignIn
FN:67,(anonymous_2)
FN:69,(anonymous_3)
FN:85,(anonymous_4)
FN:93,(anonymous_5)
FN:102,(anonymous_6)
FN:112,(anonymous_7)
FNF:8
FNH:0
FNDA:0,SignIn
FNDA:0,handleSignIn
FNDA:0,(anonymous_2)
FNDA:0,(anonymous_3)
FNDA:0,(anonymous_4)
FNDA:0,(anonymous_5)
FNDA:0,(anonymous_6)
FNDA:0,(anonymous_7)
DA:32,0
DA:41,0
DA:43,0
DA:44,0
DA:52,0
DA:56,0
DA:59,0
DA:60,0
DA:62,0
DA:63,0
DA:67,0
DA:68,0
DA:69,0
DA:70,0
DA:75,0
DA:86,0
DA:93,0
DA:103,0
DA:112,0
LF:19
LH:0
BRDA:56,0,0,0
BRDA:56,0,1,0
BRDA:59,1,0,0
BRDA:59,1,1,0
BRDA:59,2,0,0
BRDA:59,2,1,0
BRDA:68,3,0,0
BRDA:68,3,1,0
BRDA:133,4,0,0
BRDA:133,4,1,0
BRF:10
BRH:0
end_of_record
TN:
SF:src/screens/SignIn/styles.ts
FN:10,(anonymous_0)
FN:32,(anonymous_1)
FN:41,(anonymous_2)
FNF:3
FNH:0
FNDA:0,(anonymous_0)
FNDA:0,(anonymous_1)
FNDA:0,(anonymous_2)
DA:4,0
DA:10,0
DA:13,0
DA:18,0
DA:23,0
DA:28,0
DA:32,0
DA:38,0
DA:41,0
LF:9
LH:0
BRF:0
BRH:0
end_of_record
TN:
SF:src/services/api.ts
FNF:0
FNH:0
DA:5,1
LF:1
LH:1
BRF:0
BRH:0
end_of_record
TN:
SF:src/storage/storageConfig.ts
FNF:0
FNH:0
DA:1,1
DA:2,1
LF:2
LH:2
BRF:0
BRH:0
end_of_record
TN:
SF:src/storage/favoriteMovies/getAllFavoriteMovies.ts
FN:7,getAllFavoriteMovies
FNF:1
FNH:1
FNDA:6,getAllFavoriteMovies
DA:8,6
DA:9,6
DA:11,6
DA:13,6
DA:16,0
LF:5
LH:4
BRDA:11,0,0,4
BRDA:11,0,1,2
BRF:2
BRH:2
end_of_record
TN:
SF:src/storage/favoriteMovies/removeFavoriteMovie.ts
FN:9,removeFavoriteMovie
FN:14,(anonymous_1)
FNF:2
FNH:2
FNDA:1,removeFavoriteMovie
FNDA:2,(anonymous_1)
DA:10,1
DA:12,1
DA:14,2
DA:16,1
DA:19,0
LF:5
LH:4
BRF:0
BRH:0
end_of_record
TN:
SF:src/storage/favoriteMovies/saveFavoriteMovie.ts
FN:8,saveFavoriteMovie
FNF:1
FNH:1
FNDA:2,saveFavoriteMovie
DA:9,2
DA:10,2
DA:12,2
DA:14,2
DA:17,0
LF:5
LH:4
BRF:0
BRH:0
end_of_record
TN:
SF:src/theme/index.ts
FNF:0
FNH:0
DA:1,7
LF:1
LH:1
BRF:0
BRH:0
end_of_record
TN:
SF:src/utils/formatDateToBrazilianFormat.ts
FN:1,formatDateToBrazilianFormat
FNF:1
FNH:1
FNDA:1,formatDateToBrazilianFormat
DA:2,1
DA:4,1
DA:5,1
DA:6,1
DA:8,1
LF:5
LH:5
BRF:0
BRH:0
end_of_record
